<?xml version="1.0" encoding="UTF-8"?>
<!-- Generated by org.testng.reporters.JUnitReportReporter -->
<testsuite hostname="DESKTOP-RSROOUO" failures="0" tests="6" name="api.test.DDUserTests" time="5.913" errors="0" timestamp="2023-01-29T21:20:51 CET" skipped="0">
  <testcase classname="api.test.DDUserTests" name="testPostUser" time="2.218"/>
  <system-out/>
  <testcase classname="api.test.DDUserTests" name="testPostUser" time="0.723"/>
  <system-out/>
  <testcase classname="api.test.DDUserTests" name="testPostUser" time="0.721"/>
  <system-out/>
  <testcase classname="api.test.DDUserTests" name="testDeleteUserByUsername" time="0.726"/>
  <system-out/>
  <testcase classname="api.test.DDUserTests" name="testDeleteUserByUsername" time="0.797"/>
  <system-out/>
  <testcase classname="api.test.DDUserTests" name="testDeleteUserByUsername" time="0.728"/>
  <system-out/>
</testsuite> <!-- api.test.DDUserTests -->
