<?xml version="1.0" encoding="UTF-8"?>
<!-- Generated by org.testng.reporters.JUnitReportReporter -->
<testsuite hostname="DESKTOP-RSROOUO" failures="0" tests="4" name="api.test.UserTests" time="5.300" errors="0" timestamp="2023-01-29T21:35:27 CET" skipped="0">
  <testcase classname="api.test.UserTests" name="testPostUser" time="2.295"/>
  <system-out/>
  <testcase classname="api.test.UserTests" name="testGetUserByUsername" time="0.868"/>
  <system-out/>
  <testcase classname="api.test.UserTests" name="testUpdateUserByUsername" time="1.425"/>
  <system-out/>
  <testcase classname="api.test.UserTests" name="testDeleteUserByUsername" time="0.712"/>
  <system-out/>
</testsuite> <!-- api.test.UserTests -->
