<?xml version="1.0" encoding="UTF-8"?>
<!-- Generated by org.testng.reporters.JUnitReportReporter -->
<testsuite hostname="DESKTOP-RSROOUO" failures="0" tests="6" name="api.test.DDUserTests" time="4.505" errors="0" timestamp="2023-01-30T10:54:49 CET" skipped="0">
  <testcase classname="api.test.DDUserTests" name="testPostUser" time="0.759"/>
  <system-out/>
  <testcase classname="api.test.DDUserTests" name="testPostUser" time="0.782"/>
  <system-out/>
  <testcase classname="api.test.DDUserTests" name="testPostUser" time="0.791"/>
  <system-out/>
  <testcase classname="api.test.DDUserTests" name="testDeleteUserByUsername" time="0.714"/>
  <system-out/>
  <testcase classname="api.test.DDUserTests" name="testDeleteUserByUsername" time="0.741"/>
  <system-out/>
  <testcase classname="api.test.DDUserTests" name="testDeleteUserByUsername" time="0.718"/>
  <system-out/>
</testsuite> <!-- api.test.DDUserTests -->
