<?xml version="1.0" encoding="UTF-8"?>
<!-- Generated by org.testng.reporters.JUnitReportReporter -->
<testsuite hostname="DESKTOP-RSROOUO" failures="0" tests="4" name="api.test.UserTests" time="5.480" errors="0" timestamp="2023-01-30T10:54:49 CET" skipped="0">
  <testcase classname="api.test.UserTests" name="testPostUser" time="2.495"/>
  <system-out/>
  <testcase classname="api.test.UserTests" name="testGetUserByUsername" time="0.748"/>
  <system-out/>
  <testcase classname="api.test.UserTests" name="testUpdateUserByUsername" time="1.489"/>
  <system-out/>
  <testcase classname="api.test.UserTests" name="testDeleteUserByUsername" time="0.748"/>
  <system-out/>
</testsuite> <!-- api.test.UserTests -->
